[    0.000000] Initializing cgroup subsys cpuset
[    0.000000] Initializing cgroup subsys cpu
[    0.000000] Initializing cgroup subsys cpuacct
[    0.000000] Linux version 4.4.0-154-generic (buildd@lgw01-amd64-049) (gcc version 5.4.0 20160609 (Ubuntu 5.4.0-6ubuntu1~16.04.10) ) #181-Ubuntu SMP Tue Jun 25 05:29:03 UTC 2019 (Ubuntu 4.4.0-154.181-generic 4.4.179)
[    0.000000] Command line: BOOT_IMAGE=/boot/vmlinuz-4.4.0-154-generic root=LABEL=cloudimg-rootfs ro console=tty1 console=ttyS0
[    0.000000] KERNEL supported cpus:
[    0.000000]   Intel GenuineIntel
[    0.000000]   AMD AuthenticAMD
[    0.000000]   Centaur CentaurHauls
[    0.000000] x86/fpu: Legacy x87 FPU detected.
[    0.000000] e820: BIOS-provided physical RAM map:
[    0.000000] BIOS-e820: [mem 0x0000000000000000-0x000000000009fbff] usable
[    0.000000] BIOS-e820: [mem 0x000000000009fc00-0x000000000009ffff] reserved
[    0.000000] BIOS-e820: [mem 0x00000000000f0000-0x00000000000fffff] reserved
[    0.000000] BIOS-e820: [mem 0x0000000000100000-0x000000003ffeffff] usable
[    0.000000] BIOS-e820: [mem 0x000000003fff0000-0x000000003fffffff] ACPI data
[    0.000000] BIOS-e820: [mem 0x00000000fec00000-0x0000000fec00fff] reserved
[    0.000000] BIOS-e820: [mem 0x00000000fee00000-0x00000000fee00fff] reserved
[    0.000000] BIOS-e820: [mem 0x00000000fffc0000-0x00000000ffffffff] reserved
[    0.000000] NX (Execute Disable) protectin: ative
[    0.000000] MBIOS 2.5 present.
[    0.000000] Hypervisor detected: KVM
[    0.000000] e820: last_pfn = 0x3fff0 max_arch_pfn = 0x400000000
[    0.000000] MTRR: Disabled
[    0.000000] x86/PAT: MTRRs disabled, skipping PAT initialization too.
[    0.000000] CPU MTRRs all blank - virtualized system.
[    0.000000] x86/PAT: Configuration [0-7]: WB  WT  UC- UC  WB  WT  UC- UC  
[    0.000000] found SMP MP-table at [mem 0x0009fff0-0x0009ffff] mapped at [ffff88000009fff0]
[    0.000000] Scanning 1 areas for low memory corruption
[    0.000000] RAMDISK: [mem 0x362fa000-0x37174fff]
[    0.000000] ACPI: Early table checksum verification disabled
[    0.000000] ACPI: RSDP 0x00000000000E0000 000024 (v02 VBOX  )
[    0.000000] ACPI: XSDT 0x000000003FFF0030 00003C (v01 VBOX   VBOXXSDT 00000001 ASL  00000061)
[    0.000000] ACPI: FACP 0x000000003FFF00F0 0000F4 (v04 VBOX   VBOXFACP 00000001 ASL  00000061)
[    0.000000] ACPI: DSDT 0x000000003FFF0470 0021FF (v02 VBOX   VBOXBIOS 00000002 INTL 20180105)
[    0.000000] ACPI: FACS 0x000000003FFF0200 000040
[    0.000000] ACPI: FACS 0x000000003FFF0200 000040
[    0.000000] ACPI: APIC 0x000000003FFF0240 00005C (v02 VBOX   VBOXAPIC 00000001 ASL  00000061)
[    0.000000] ACPI: SSDT 0x000000003FFF02A0 0001CC (v01 VBOX   VBOXCPUT 00000002 INTL 20180105)
[    0.000000] No NUMA configuration found
[    0.000000] Faking a node at [mem 0x0000000000000000-0x000000003ffeffff]
[    0.000000] NODE_DATA(0) allocated [mem 0x3ffeb000-0x3ffeffff]
[    0.000000] kvm-clock: Using msrs 4b564d01 and 4b564d00
[    0.000000] kvm-clock: cpu 0, msr 0:3ffe3001, primary cpu clock
[    0.000000] kvm-clock: using sched offset of 5380466407 cycles
[    0.000000] clocksource: kvm-clock: mask: 0xffffffffffffffff max_cycles: 0x1cd42e4dffb, max_idle_ns: 881590591483 ns
[    0.000000] Zone ranges:
[    0.000000]   DMA      [mem 0x0000000000001000-0x0000000000ffffff]
[    0.000000]   DMA32    [mem 0x0000000001000000-0x000000003ffeffff]
[    0.000000]   Normal   empty
[    0.000000]   Device   mpty
[    0.000000] Movable zone start for each node
[    0.000000] arly memor node ranges
[    0.000000]   node   0: [mem 0x0000000000001000-0x000000000009efff]
[    0.000000]   node   0: [mem 0x0000000000100000-0x000000003ffeffff]
[    0.000000] Initmem setup node 0 [mem 0x0000000000001000-0x000000003ffeffff]
[    0.000000] ACPI: PM-Timer IO Port: 0x4008
[    0.000000] IOAPIC[0]: apic_id 2, version 32, address 0xfec00000,GSI 0-23
[    0.000000] ACPI: INT_SRC_OVR (bus 0 bus_irq 0 global_irq 2 dfl dfl)
[    0.000000] ACPI: INT_SRC_OVR (bus 0 bus_irq 9 global_irq 9 low level)
[    0.000000] Using ACPI (MADT) for SMP configuration information
[    0.000000] smpboot: Allowing 2 CPUs, 0 hotplug CPUs
[    0.000000] PM: Registered nosave memory: [mem 0x00000000-0x00000fff]
[    0.000000] PM: Registered nosave memory: [mem 0x0009f000-0x0009ffff]
[    0.000000] PM: Registered nosave memory: [mem 0x000a0000-0x000effff]
[    0.000000] PM: Registered nosave memory: [mem 0x000f0000-0x000fffff]
[    0.000000] e820: [mem 0x40000000-0xfebfffff] available for PCI devices
[    0.000000] Booting paravirtualized kernel on KVM
[    0.000000] clocksource: refined-jiffies: mask: 0xffffffff max_cycles: 0xffffffff, max_idle_ns: 7645519600211568 ns
[    0.000000] setup_percpu: NR_CPUS:512 nr_cpumask_bits:512 nr_cpu_ids:2 nr_node_ids:1
[    0.000000] PERCPU: Embedded 34 pages/cpu @ffff88003fc00000 s99480 r8192 d31592 u1048576
[    0.000000] Built 1 zonelists in Node order, mobility grouping on.  Total pages: 257912
[    0.000000] Policy zone: DMA32
[    0.000000] Kernel command line: BOOT_IMAGE=/boot/vmlinuz-4.4.0-154-generic root=LABEL=cloudimg-rootfs ro console=tty1 console=ttyS0
[    0.000000] PID hash table entries: 4096 (order: 3, 32768 bytes)
[    0.000000] Memory: 997732K/1048120K available (8613K kernel code, 1335K rwdata, 4028K rodata, 1484K init, 1284K bss, 50388K reserved, 0K cma-reserved)
[    0.000000] SLUB: HWalign=64, Order=0-3, MinObjects=0, CPUs=2, Nodes=1
[    0.000000] Kernel/User page tables isolation: enabled
[    0.000000] Hierarchical RCU implementation.
[    0.000000] 	Build-time adjustment of leaf fanout to 64.
[    0.000000] 	RCU restricting CPUs from NR_CPUS=512 to nr_cpu_ids=2.
[    0.000000] RCU: Adjusting geometry for rcu_fanout_leaf=64, nr_cpu_ids=2
[    0.000000] NR_IRQS:33024 nr_irqs:440 16
[    0.000000] Console: colour VGA+ 80x25
[    0.000000] console [tty1] enabled
[    0.000000] console [ttyS0] enabled
[    0.000000] tsc: Detected 2992.498 MHz processor
[    1.577731] Calibrating delay loop (skipped) preset value.. 5984.99 BogoMIPS (lpj=11969992)
[    1.582440] pid_max: default: 32768 minimum: 301
[    1.584883] ACPI: Core revision 20150930
[    1.588751] ACPI: 2 ACPI AML tables successfully acquired and loaded
[    1.592249] Security Framework initialized
[    1.594508] Yama: becoming mindful.
[    1.596564] AppArmor: AppArmor initialized
[    1.599021] Dentry cache hash table entries: 131072 (order: 8, 1048576 bytes)
[    1.603232] Inode-cache hash table entries: 65536 (order: 7, 524288 bytes)
[    1.607365] Mount-cache hash table entries: 2048 (order: 2, 16384 bytes)
[    1.610915] Mountpoint-cache hash table entries: 2048 (order: 2, 16384 bytes)
[    1.615445] Initializing cgroup subsys io
[    1.616843] Initializing cgroup subsys memory
[    1.618375] Initializing cgroup subsys devices
[    1.628351] Initializing cgroup subsys freezer
[    1.630457] Initializing cgroup subsys net_cls
[    1.632539] Initializing cgroup subsys perf_event
[    1.634743] Initializing cgroup subsys net_prio
[    1.636872] Initializing cgroup subsys hugetlb
[    1.638365] Initializing cgroup subsys pids
[    1.639916] mce: CPU supports 0 MCE banks
[    1.641355] Last level iTLB entries: 4KB 128, 2MB 4, 4MB 4
[    1.643076] Last level dTLB entries: 4KB 256, 2MB 0, 4MB 32, 1GB 0
[    1.644922] Spectre V2 : Mitigation: Full generic retpoline
[    1.646656] Spectre V2 : Spectre v2 / SpectreRSB mitigation: Filling RSB on context switch
[    1.649408] Speculative Store Bypass: Vulnerable
[    1.651891] MDS: Vulnerable: Clear CPU buffers attempted, no microcode
[    1.657400] Freeing SMP alternatives memory: 36K
[    1.666664] ftrace: allocating 32299 entries in 127 pages
[    1.737184] smpboot: APIC(0) Converting physical 0 to logical package 0
[    1.783958] smpboot: Max logical packages: 1
[    1.785984] x2apic enabled
[    1.787650] Switched APIC routing to physical x2apic.
[    1.791655] ..TIMER: vector=0x30 apic1=0 pin1=2 apic2=-1 pin2=-1
[    1.898270] smpboot: CPU0: Intel(R) Core(TM)2 Duo CPU     E8400  @ 3.00GHz (family: 0x6, model: 0x17, stepping: 0xa)
[    1.912151] Performance Events: unsupported p6 CPU model 23 no PMU driver, software events only.
[    2.071016] KVM setup paravirtual spinlock
[    2.093193] x86: Booting SMP configuration:
[    2.094638] .... node  #0, CPUs:      #1
[    2.111987] kvm-clock: cpu 1, msr 0:3ffe3041, secondary cpu clock
[    2.124250] mce: CPU supports 0 MCE banks
[    2.127571] x86: Booted up 1 node, 2 CPUs
[    2.129418] smpboot: Total of 2 processors activated (11969.99 BogoMIPS)
[    2.132012] devtmpfs: initialized
[    2.136058] evm: security.selinux
[    2.142665] evm: security.SMACK64
[    2.143905] evm: security.SMACK64EXEC
[    2.145212] evm: security.SMACK64TRANSMUTE
[    2.146628] evm: security.SMACK64MMAP
[    2.147942] evm: security.ima
[    2.149102] evm: security.capability
[    2.150601] clocksource: jiffies: mask: 0xffffffff max_cycles: 0xffffffff, max_idle_ns: 7645041785100000 ns
[    2.160159] futex hash table entries: 512 (order: 3, 32768 bytes)
[    2.163916] pinctrl core: initialized pinctrl subsystem
[    2.165742] RTC time: 16:49:33, date: 08/22/19
[    2.167645] NET: Registered protocol family 16
[    2.178847] cpuidle: using governor ladder
[    2.190193] cpuidle: using governor menu
[    2.191713] PCCT header not found.
[    2.193068] ACPI: bus type PCI registered
[    2.238994] acpiphp: ACPI Hot Plug PCI Controller Driver version: 0.5
[    2.267885] PCI: Using configuration type 1 for base access
[    2.283428] ACPI: Added _OSI(Module Device)
[    2.284869] ACPI: Added _OSI(Processor Device)
[    2.293865] ACPI: Added _OSI(3.0 _SCP Extensions)
[    2.295413] ACPI: Added _OSI(Processor Aggregator Device)
[    2.334382] ACPI: Executed 1 blocks of module-level executable AML code
[    2.371152] ACPI: Interpreter enabled
[    2.372486] ACPI: (supports S0 S5)
[    2.373765] ACPI: Using IOAPIC for interrupt routing
[    2.375574] PCI: Using host bridge windows from ACPI; if necessary, use "pci=nocrs" and report a bug
[    2.402537] ACPI: PCI Root Bridge [PCI0] (domain 0000 [bus 00-ff])
[    2.452810] acpi PNP0A03:00: _OSC: OS supports [ASPM ClockPM Segments MSI]
[    2.454875] acpi PNP0A03:00: _OSC: not requesting OS control; OS requires [ExtendedConfig ASPM ClockPM MSI]
[    2.488884] acpi PNP0A03:00: fail to add MMCONFIG information, can't access extended PCI configuration space under this bridge.
[    2.549946] PCI host bridge to bus 0000:00
[    2.569118] pci_bus 0000:00: root bus resource [io  0x0000-0x0cf7 window]
[    2.571100] pci_bus 0000:00: root bus resource [io  0x0d00-0xffff window]
[    2.588273] pci_bus 0000:00: root bus resource [mem 0x000a0000-0x000bffff window]
[    2.623877] pci_bus 0000:00: root bus resource [mem 0x40000000-0xfdffffff window]
[    2.627475] pci_bus 0000:00: root bus resource [bus 00-ff]
[    2.632229] pci 0000:00:01.1: legacy IDE quirk: reg 0x10: [io  0x01f0-0x01f7]
[    2.635430] pci 0000:00:01.1: legacy IDE quirk: reg 0x14: [io  0x03f6]
[    2.638349] pci 0000:00:01.1: legacy IDE quirk: reg 0x18: [io  0x0170-0x0177]
[    2.641474] pci 0000:00:01.1: legacy IDE quirk: reg 0x1c: [io  0x0376]
[    2.696388] pci 0000:00:07.0: quirk: [io  0x4000-0x403f] claimed by PIIX4 ACPI
[    2.700197] pci 0000:00:07.0: quirk: [io  0x4100-0x410f] claimed by PIIX4 SMB
[    2.718927] ACPI: PCI Interrupt Link [LNKA] (IRQs 5 9 10 *11)
[    2.723509] ACPI: PCI Interrupt Link [LNKB] (IRQs 5 9 *10 11)
[    2.727190] ACPI: PCI Interrupt Link [LNKC] (IRQs 5 *9 10 11)
[    2.730944] ACPI: PCI Interrupt Link [LNKD] (IRQs 5 9 10 *11)
[    2.734722] ACPI: Enabled 2 GPEs in block 00 to 07
[    2.765168] vgaarb: setting as boot device: PCI:0000:00:02.0
[    2.790215] vgaarb: device added: PCI:0000:00:02.0,decodes=io+mem,owns=io+mem,locks=none
[    2.793011] vgaarb: loaded
[    2.794220] vgaarb: bridge control possible 0000:00:02.0
[    2.803157] SCSI subsystem initialized
[    2.817212] ACPI: bus type USB registered
[    2.819859] usbcore: registered new interface driver usbfs
[    2.823990] usbcore: registered new interface driver hub
[    2.832568] usbcore: registered new device driver usb
[    2.836914] PCI: Using ACPI for IRQ routing
[    2.839775] NetLabel: Initializing
[    2.850743] NetLabel:  domain hash size = 128
[    2.853192] NetLabel:  protocols = UNLABELED CIPSOv4
[    2.855726] NetLabel:  unlabeled traffic allowed by default
[    2.858722] amd_nb: Cannot enumerate AMD northbridges
[    2.875131] clocksource: Switched to clocksource kvm-clock
[    2.898048] AppArmor: AppArmor Filesystem Enabled
[    2.900360] pnp: PnP ACPI init
[    2.903047] pnp: PnP ACPI: found 3 devices
[  2.919110] clocksource: acpi_pm: mask: 0xffffff max_cycles: 0xffffff, max_idle_ns: 2085701024 ns
[    3.013080] NET: Registered protocol family 
[   3.47370] TCP established hash table entries: 8192 (order: 4, 65536 bytes)
[    3.120337] TCP bind hash table entries: 8192 (order: 5, 131072 bytes)
[    3.122402] TCP: Hash tables configured (established 8192 bind 92)
[    3.183826] UDP hash table entries: 512 (order: 2, 16384 bytes)
[    3.185661] UDP-Lite hash table entries: 512 (order: 2, 16384 bytes)
[    3.187689] NET: Registered protocol family 1
[    3.189211] pci 0000:00:00.0: Limiting direct PCI/PCI transfers
[    3.191038] pci 0000:00:01.0: Activating ISA DMA hang workarounds
[    3.1934]Unpacking intrmfs...

[    3.681006] Freeing initrd memory: 14828K
[    3.683284] clocksource: tsc: mask: 0xffffffffffffffff max_cycles: 0x2b2296bc2b9, max_idle_ns: 440795321505 ns
[    3.689322] platform rtc_cmos: registered platform RTC device (no PNP device found)
[    3.693198] Scanning for low memory corruption every 60 seconds
[    3.701651] audit: initializing netlink subsys (disabled)
[    3.704337] audit: type=2000 audit(1566492579.262:1): initialized
[    3.707442] Initialise system trusted keyring
[    3.711238] HugeTLB registered 2 MB page size, pre-allocated 0 pages
[    3.717376] zbud: loaded
[    3.719398] VFS: Disk quotas dquot_6.6.0
[    3.722026] VFS: Dquot-cache hash table entries: 512 (order 0, 4096 bytes)
[    3.725591] squashfs: version 4.0 (2009/01/31) Phillip Lougher
[    3.730055] fuse init (API version 7.23)
[    3.732547] Key type big_key registered
[    3.734653] Allocating IMA MOK and blacklist keyrings.
[    3.739884] Key type asymmetric registered
[    3.742024] Asymmetric key parser 'x509' registered
[    3.745679] Block layer SCSI generic (bsg) driver version 0.4 loaded (major 249)
[    3.749734] io scheduler noop registered
[    3.751769] io scheduler deadline registered (default)
[    3.754529] io scheduler cfq registered
[    3.766976] pci_hotplug: PCI Hot Plug PCI Core version: 0.5
[    3.769872] pciehp: PCI Express Hot Plug Controller Driver version: 0.4
[    3.773156] ACPI: AC Adapter [AC] (on-line)
[    3.775416] input: Power Button as /devices/LNXSYSTM:00/LNXPWRBN:00/input/input0
[    3.782668] ACPI: Power Button [PWRF]
[    3.784949] input: Sleep Button as /devices/LNXSYSTM:00/LNXSLPBN:00/input/input1
[    3.789705] ACPI: Sleep Button [SLPF]
[    3.792948] GHES: HEST is not enabled!
[    3.799903] Serial: 8250/16550 driver, 32 ports, IRQ sharing enabled
[    3.847299] 00:02: ttyS0 at I/O 0x3f8 (irq = 4, base_baud = 115200) is a 16550A
[    3.856888] Linux agpgart interface v0.103
[    3.898783] loop: module loaded
[    3.911541] scsi host0: ata_piix
[    3.917411] scsi host1: ata_piix
[    3.926945] ata1: PATA max UDMA/33 cmd 0x1f0 ctl 0x3f6 bmdma 0xd000 irq 14
[    3.941992] ata2: PATA max UDMA/33 cmd 0x170 ctl 0x376 bmdma 0xd008 irq 15
[    3.947782] libphy: Fixed MDIO Bus: probed
[    3.967039] tun: Universal TUN/TAP device driver, 1.6
[    3.969426] tun: (C) 1999-2004 Max Krasnyansky <maxk@qualcomm.com>
[    3.972640] PPP generic driver version 2.4.2
[    3.975077] ehci_hcd: USB 2.0 'Enhanced' Host Controller (EHCI) Driver
[    3.979637] ehci-pci: EHCI PCI platform driver
[    3.981904] ehci-platform: EHCI generic platform driver
[    3.984418] ohci_hcd: USB 1.1 'Open' Host Controller (OHCI) Driver
[    3.987231] ohci-pci: OHCI PCI platform driver
[    3.989414] ohci-platform: OHCI generic platform driver
[    3.992009] uhci_hcd: USB Universal Host Controller Interface driver
[    3.996689] i8042: PNP: PS/2 Controller [PNP0303:PS2K,PNP0f03:PS2M] at 0x60,0x64 irq 1,12
[    4.003587] serio: i8042 KBD port at 0x60,0x64 irq 1
[    4.005964] serio: i8042 AUX port at 0x60,0x64 irq 12
[    4.008810] mousedev: PS/2 mouse device common for all mice
[    4.015439] input: AT Translated Set 2 keyboard as /devices/platform/i8042/serio0/input/input2
[    4.020940] rtc_cmos rtc_cmos: rtc core: registered rtc_cmos as rtc0
[    4.024080] rtc_cmos rtc_cmos: alarms up to one day, 114 bytes nvram
[    4.029355] i2c /dev entries driver
[    4.031356] device-mapper: uevent: version 1.0.3
[    4.033903] device-mapper: ioctl: 4.34.0-ioctl (2015-10-28) initialised: dm-devel@redhat.com
[    4.038876] ledtrig-cpu: registered to indicate activity on CPUs
[    4.042564] NET: Registered protocol family 10
[    4.047220] NET: Registered protocol family 17
[    4.049697] Key type dns_resolver registered
[    4.052711] registered taskstats version 1
[    4.054887] Loading compiled-in X.509 certificates
[    4.058260] Loaded X.509 cert 'Build time autogenerated kernel key: 65139e04a67245b562a838c28b5e7032abdd4348'
[    4.064651] zswap: loaded using pool lzo/zbud
[    4.084966] Key type trusted registered
[    4.147240] Key type encrypted registered
[    4.149313] AppArmor: AppArmor sha1 policy hashing enabled
[    4.152505] ima: No TPM chip found, activating TPM-bypass!
[    4.155256] ima: Allocated hash algorithm: sha1
[    4.157505] evm: HMAC attrs: 0x1
[    4.160516]   Magic number: 15:151:844
[    4.163369] rtc_cmos rtc_cmos: setting system clock to 2019-08-22 16:49:35 UTC (1566492575)
[    4.169061] BIOS EDD facility v0.16 2004-Jun-25, 0 devices found
[    4.172056] EDD information not available.
[    4.181513] Freeing unused kernel memory: 1484K
[    4.620986] Write protecting the kernel read-only data: 14336k
[    5.325508] Freeing unused kernel memory: 1616K
[    5.350025] Freeing unused kernel memory: 68K
Loading, please wait...
starting version 229
[    5.493555] random: systemd-udevd: uninitialized urandom read (16 bytes read, 3 bits of entropy available)
[    5.502259] random: udevadm: uninitialized urandom read (16 bytes read, 3 bits of entropy available)
[    5.502459] random: udevadm: uninitialized urandom read (16 bytes read, 3 bits of entropy available)
[    5.528093] random: systemd-udevd: uninitialized urandom read (16 bytes read, 3 bits of entropy available)
[    5.533178] random: systemd-udevd: uninitialized urandom read (16 bytes read, 3 bits of entropy available)
[    5.538320] random: systemd-udevd: uninitialized urandom read (16 bytes read, 3 bits of entropy available)
[    5.554513] random: systemd-udevd: uninitialized urandom read (16 bytes read, 3 bits of entropy available)
[    5.560449] random: systemd-udevd: uninitialized urandom read (16 bytes read, 3 bits of entropy available)
[    5.565439] random: systemd-udevd: uninitialized urandom read (16 bytes read, 3 bits of entropy available)
[    5.576185] random: systemd-udevd: uninitialized urandom read (16 bytes read, 3 bits of entropy available)
[    5.846245] e1000: Intel(R) PRO/1000 Network Driver - version 7.3.21-k8-NAPI
[    5.857297] e1000: Copyright (c) 1999-2006 Intel Corporation.
[    5.879093] Fusion MPT base driver 3.04.20
[    5.890645] Copyright (c) 1999-2008 LSI Corporation
[    5.965171] Fusion MPT SPI Host driver 3.04.20
[    6.213331] input: ImExPS/2 Generic Explorer Mouse as /devices/platform/i8042/serio1/input/input4
[    6.584511] e1000 0000:00:03.0 eth0: (PCI:33MHz:32-bit) 02:1e:e5:6d:71:21
[    6.586732] e1000 0000:00:03.0 eth0: Intel(R) PRO/1000 Network Connection
[    6.592205] mptbase: ioc0: Initiating bringup
[    6.595139] e1000 0000:00:03.0 enp0s3: renamed from eth0
[    6.655569] ioc0: LSI53C1030 A0: Capabilities={Initiator}
[    6.816831] scsi host2: ioc0: LSI53C1030 A0, FwRev=00000000h, Ports=1, MaxQ=256, IRQ=20
[    6.927705] scsi 2:0:0:0: Direct-Access     VBOX     HARDDISK         1.0  PQ: 0 ANSI: 5
[    6.943431] scsi target2:0:0: Beginning Domain Validation
[    6.962743] scsi target2:0:0: Domain Validation skipping write tests
[    6.964706] scsi target2:0:0: Ending Domain Validation
[    6.966424] scsi target2:0:0: asynchronous
[    6.968437] scsi 2:0:1:0: Direct-Access     VBOX     HARDDISK         1.0  PQ: 0 ANSI: 5
[    6.971224] scsi target2:0:1: Beginning Domain Validation
[    6.974603] scsi target2:0:1: Domain Validation skipping write tests
[    6.976665] scsi target2:0:1: Ending Domain Validation
[    6.978454] scsi target2:0:1: asynchronous
[    6.988223] sd 2:0:0:0: [sda] 20971520 512-byte logical blocks: (10.7 GB/10.0 GiB)
[    6.991469] sd 2:0:0:0: Attached scsi generic sg0 type 0
[    6.994450] sd 2:0:0:0: [sda] Write Protect is off
[    7.033764] sd 2:0:1:0: [sdb] 20480 512-byte logical blocks: (10.5 MB/10.0 MiB)
[    7.034139] sd 2:0:0:0: [sda] Incomplete mode parameter data
[    7.034141] sd 2:0:0:0: [sda] Assuming drive cache: write through
[    7.068646] sd 2:0:1:0: [sdb] Write Protect is off
[    7.068719] sd 2:0:1:0: Attached scsi generic sg1 type 0
[    7.072315] sd 2:0:1:0: [sdb] Incomplete mode parameter data
[    7.097741] sd 2:0:1:0: [sdb] Assuming drive cache: write through
[    7.099054]  sda: sda1
[    7.101892] sd 2:0:0:0: [sda] Attached SCSI disk
[    7.119873] sd 2:0:1:0: [sdb] Attached SCSI disk
Begin: Loading essential drivers[    9.617076] md: linear personality registered for level -1
 ... [    9.644816] md: multipath personality registered for level -4
[    9.672047] md: raid0 personality registered for level 0
[    9.711947] md: raid1 personality registered for level 1
[    9.820933] raid6: sse2x1   gen()  5236 MB/s
[    9.970934] raid6: sse2x1   xor()  5066 MB/s
[   10.040939] raid6: sse2x2   gen()  5177 MB/s
[   10.109784] raid6: sse2x2   xor()  5812 MB/s
[   10.190990] raid6: sse2x4   gen()  8852 MB/s
[   10.280935] raid6: sse2x4   xor()  6931 MB/s
[   10.282645] raid6: using algorithm sse2x4 gen() 8852 MB/s
[   10.322110] raid6: .... xor() 6931 MB/s, rmw enabled
[   10.352255] raid6: using ssse3x2 recovery algorithm
[   10.359161] xor: measuring software checksum speed
[   10.399000]    prefetch64-sse: 11066.000 MB/sec
[   10.438998]    generic_sse:  9673.000 MB/sec
[   10.440511] xor: using function: prefetch64-sse (11066.000 MB/sec)
[   10.449809] async_tx: api initialized (async)
[   10.495364] md: raid6 personality registered for level 6
[   10.498190] md: raid5 personality registered for level 5
[   10.503247] md: raid4 personality registered for level 4
[   10.611204] md: raid10 personality registered for level 10
done.
Begin: Running /scripts/init-premount ... done.
Begin: Mounting root file system ... Begin: Running /scripts/local-top ... done.
Begin: Running /scripts/local-premount ... [   10.866986] Btrfs loaded
Scanning for Btrfs filesystems
done.
Warning: fsck not present, so skipping root file system
[   11.085583] EXT4-fs (sda1): mounted filesystem with ordered data mode. Opts: (null)
done.
Begin: Running /scripts/local-bottom ... done.
Begin: Running /scripts/init-bottom ... done.
[   11.818487] systemd[1]: systemd 229 running in system mode. (+PAM +AUDIT +SELINUX +IMA +APPARMOR +SMACK +SYSVINIT +UTMP +LIBCRYPTSETUP +GCRYPT +GNUTLS +ACL +XZ -LZ4 +SECCOMP +BLKID +ELFUTILS +KMOD -IDN)
[   11.882444] systemd[1]: Detected virtualization oracle.
[   11.924065] systemd[1]: Detected architecture x86-64.

Welcome to [1mUbuntu 16.04.6 LTS[0m!

[   11.967886] systemd[1]: Set hostname to <ubuntu>.
[   11.997174] systemd[1]: Initializing machine ID from random generator.
[   11.999317] systemd[1]: Installed transient /etc/machine-id file.
[   12.272896] random: nonblocking pool is initialized
[   13.100656] systemd[1]: Listening on udev Kernel Socket.
[[0;32m  OK  [0m] Listening on udev Kernel Socket.
[   13.159354] systemd[1]: Listening on LVM2 metadata daemon socket.
[[0;32m  OK  [0m] Listening on LVM2 metadata daemon socket.
[   13.195675] systemd[1]: Listening on /dev/initctl Compatibility Named Pipe.
[[0;32m  OK  [0m] Listening on /dev/initctl Compatibility Named Pipe.
[   13.622154] systemd[1]: Listening on Syslog Socket.
[[0;32m  OK  [0m] Listening on Syslog Socket.
[   13.654402] systemd[1]: Listening on Journal Audit Socket.
[[0;32m  OK  [0m] Listening on Journal Audit Socket.
[   13.657796] systemd[1]: Started Trigger resolvconf update for networkd DNS.
[[0;32m  OK  [0m] Started Trigger resolvconf update for networkd DNS.
[   13.671312] systemd[1]: Reached target Encrypted Volumes.
[[0;32m  OK  [0m] Reached target Encrypted Volumes.
[   13.675862] systemd[1]: Listening on udev Control Socket.
[[0;32m  OK  [0m] Listening on udev Control Socket.
[   13.693936] systemd[1]: Listening on Journal Socket.
[[0;32m  OK  [0m] Listening on Journal Socket.
[   13.705917] systemd[1]: Created slice User and Session Slice.
[[0;32m  OK  [0m] Created slice User and Session Slice.
[   13.711862] systemd[1]: Started Forward Password Requests to Wall Directory Watch.
[[0;32m  OK  [0m] Started Forward Password Requests to Wall Directory Watch.
[   13.723366] systemd[1]: Reached target User and Group Name Lookups.
[[0;32m  OK  [0m] Reached target User and Group Name Lookups.
[   13.730401] systemd[1]: Listening on LVM2 poll daemon socket.
[[0;32m  OK  [0m] Listening on LVM2 poll daemon socket.
[   13.740385] systemd[1]: Created slice System Slice.
[[0;32m  OK  [0m] Created slice System Slice.
[   13.788011] systemd[1]: Starting Nameserver information manager...
         Starting Nameserver information manager...
[   13.801041] systemd[1]: Reached target Slices.
[[0;32m  OK  [0m] Reached target Slices.
[   13.837660] systemd[1]: Starting Remount Root and Kernel File Systems...
         Starting Remount Root and Kernel File Systems...
[   13.868020] systemd[1]: Mounting Debug File System...
         Mounting Debug File System...
[   13.886527] systemd[1]: Created slice system-serial\x2dgetty.slice.
[[0;32m  OK  [0m] Created slice system-serial\x2dgetty.slice.
[   13.919881] EXT4-fs (sda1): re-mounted. Opts: (null)
[   13.928578] systemd[1]: Starting Create list of required static device nodes for the current kernel...
         Starting Create list of required st... nodes for the current kernel...
[   14.000166] systemd[1]: Starting Load Kernel Modules...
         Starting Load Kernel Modules...
[   14.015339] systemd[1]: Mounting POSIX Message Queue File System...
         Mounting POSIX Message Queue File System...
[   14.076377] systemd[1]: Starting Uncomplicated firewall...
         Starting Uncomplicated firewall...
[   14.100133] systemd[1]: Reached target System Time Synchronized.
[[0;32m  OK  [0m] Reached target System Time Synchronized.
[   14.160541] systemd[1]: Reached target Swap.
[   14.165179] Loading iSCSI transport class v2.0-870.
[[0;32m  OK  [0m] Reached target Swap.
[   14.190918] systemd[1]: Set up automount Arbitrary Executable File Formats File System Automount Point.
[[0;32m  OK  [0m] Set up automount Arbitrary Executab...ats File System Automount Point.
[   14.263664] systemd[1]: Mounting Huge Pages File System...
         Mounting Huge Pages File System...
[   14.318053] iscsi: registered transport (tcp)
[   14.324050] systemd[1]: Listening on Device-mapper event daemon FIFOs.
[[0;32m  OK  [0m] Listening on Device-mapper event daemon FIFOs.
[   14.364714] systemd[1]: Starting Monitoring of LVM2 mirrors, snapshots etc. using dmeventd or progress polling...
         Starting Monitoring of LVM2 mirrors... dmeventd or progress polling...
[   14.399422] systemd[1]: Listening on Journal Socket (/dev/log).
[[0;32m  OK  [0m] Listening on Journal Socket (/dev/log).
[   14.469359] systemd[1]: Starting Journal Service...
         Starting Journal Service...
[   14.512359] systemd[1]: Starting Set console keymap...
         Starting Set console keymap...
[   14.531156] systemd[1]: Mounted POSIX Message Queue File System.
[   14.544131] iscsi: registered transport (iser)
[[0;32m  OK  [0m] Mounted POSIX Message Queue File System.
[   14.586872] systemd[1]: Mounted Huge Pages File System.
[[0;32m  OK  [0m] Mounted Huge Pages File System.
[   14.611503] systemd[1]: Mounted Debug File System.
[[0;32m  OK  [0m] Mounted Debug File System.
[   14.656729] systemd[1]: Started Remount Root and Kernel File Systems.
[[0;32m  OK  [0m] Started Remount Root and Kernel File Systems.
[   14.683309] systemd[1]: Started Create list of required static device nodes for the current kernel.
[[0;32m  OK  [0m] Started Create list of required sta...ce nodes for the current kernel.
[   14.711226] systemd[1]: Started Load Kernel Modules.
[[0;32m  OK  [0m] Started Load Kernel Modules.
[   14.730481] systemd[1]: Started Uncomplicated firewall.
[[0;32m  OK  [0m] Started Uncomplicated firewall.
[   14.761897] systemd[1]: Started Nameserver information manager.
[[0;32m  OK  [0m] Started Nameserver information manager.
[   14.869612] systemd[1]: Started Journal Service.
[[0;32m  OK  [0m] Started Journal Service.
[[0;32m  OK  [0m] Started Set console keymap.
[[0;32m  OK  [0m] Started LVM2 metadata daemon.
         Mounting FUSE Control File System...
         Starting Apply Kernel Variables...
         Starting Create Static Device Nodes in /dev...
         Starting udev Coldplug all Devices...
         Starting Flush Journal to Persistent Storage...
         Starting Load/Save Random Seed...
[[0;32m  OK  [0m] Mounted FUSE Control File System.
[[0;32m  OK  [0m] Started Apply Kernel Variables.
[[0;32m  OK  [0m] Started Monitoring of LVM2 mirrors,...ng dmeventd or progress polling.
[[0;32m  OK  [0m] Started Load/Save Random Seed.
[[0;32m  OK  [0m] Started Create Static Device Nodes in /dev.
[[0;32m  OK  [0m] Started Flush Journal to Persistent Storage.
         Starting udev Kernel Device Manager...
[[0;32m  OK  [0m] Reached target Local File Systems (Pre).
[[0;32m  OK  [0m] Reached target Local File Systems.
         Starting Set console font and keymap...
         Starting Initial cloud-init job (pre-networking)...
         Starting Commit a transient machine-id on disk...
         Starting Create Volatile Files and Directories...
         Starting Tell Plymouth To Write Out Runtime Data...
         Starting LSB: AppArmor initialization...
[[0;32m  OK  [0m] Started udev Coldplug all Devices.
[[0;32m  OK  [0m] Started Commit a transient machine-id on disk.
[[0;32m  OK  [0m] Started Create Volatile Files and Directories.
         Starting Update UTMP about System Boot/Shutdown...
[[0;32m  OK  [0m] Started Tell Plymouth To Write Out Runtime Data.
[[0;32m  OK  [0m] Started Update UTMP about System Boot/Shutdown.
[[0;32m  OK  [0m] Started udev Kernel Device Manager.
[[0;32m  OK  [0m] Started Dispatch Password Requests to Console Directory Watch.
[[0;32m  OK  [0m] Found device /dev/ttyS0.
[[0;32m  OK  [0m] Listening on Load/Save RF Kill Switch Status /dev/rfkill Watch.
[[0;32m  OK  [0m] Started LSB: AppArmor initialization.
[   21.650836] cloud-init[463]: Cloud-init v. 19.1-1-gbaa47854-0ubuntu1~16.04.1 running 'init-local' at Thu, 22 Aug 2019 16:49:53 +0000. Up 19.99 seconds.
[[0;32m  OK  [0m] Started Initial cloud-init job (pre-networking).
[[0;32m  OK  [0m] Reached target Network (Pre).
         Starting Raise network interfaces...
[[0;32m  OK  [0m] Started Set console font and keymap.
[[0;32m  OK  [0m] Created slice system-getty.slice.
[[0;32m  OK  [0m] Started Raise network interfaces.
         Starting Initial cloud-init job (metadata service crawler)...
[[0;32m  OK  [0m] Reached target Network.
[   29.022629] cloud-init[942]: Cloud-init v. 19.1-1-gbaa47854-0ubuntu1~16.04.1 running 'init' at Thu, 22 Aug 2019 16:49:58 +0000. Up 25.33 seconds.
[   29.257375] cloud-init[942]: ci-info: ++++++++++++++++++++++++++++++++++++++Net device info++++++++++++++++++++++++++++++++++++++
[[0;32m  OK  [0m] Started Initial cloud-init job (metadata service crawler).
[   29.304987] cloud-init[942]: ci-info: +--------+------+----------------------------+---------------+--------+-------------------+
[   29.321804] cloud-init[942]: ci-info: | Device |  Up  |          Address           |      Mask     | Scope  |     Hw-Address    |
[[0;32m  OK  [0m] Reached target Cloud-config availability.
[   29.322617] cloud-init[942]: ci-info: +--------+------+----------------------------+---------------+--------+-------------------+
[[0;32m  OK  [0m] Reached target Network is Online.
[   29.332271] cloud-init[942]: ci-info: | enp0s3 | True |         10.0.2.15          | 255.255.255.0 | global | 02:1e:e5:6d:71:21 |
[   29.408910] cloud-init[942]: ci-info: | enp0s3 | True | fe80::1e:e5ff:fe6d:7121/64 |       .       |  link  | 02:1e:e5:6d:71:21 |
         Starting iSCSI initiator daemon (iscsid)...
[[0;32m  OK  [0m] Reached target System Initialization.
[[0;32m  OK  [0m] Listening on D-Bus System Message Bus Socket.
[[0;32m  OK  [0m] Listening on UUID daemon activation socket.
[[0;32m  OK  [0m] Listening on ACPID Listen Socket.
[   29.412418] cloud-init[942]: ci-info: |   lo   | True |         127.0.0.1          |   255.0.0.0   |  host  |         .         |
[   29.467846] cloud-init[942]: ci-info: |   lo   | True |          ::1/128           |       .       |  host  |         .         |
[   29.468089] cloud-init[942]: ci-info: +--------+------+----------------------------+---------------+--------+-------------------+
[   29.468414] cloud-init[942]: ci-info: +++++++++++++++++++++++++++Route IPv4 info++++++++++++++++++++++++++++
[   29.468670] cloud-init[942]: ci-info: +-------+-------------+----------+---------------+-----------+-------+
[   29.468908] cloud-init[942]: ci-info: | Route | Destination | Gateway  |    Genmask    | Interface | Flags |
[   29.469235] cloud-init[942]: ci-info: +-------+-------------+----------+---------------+-----------+-------+
[   29.469475] cloud-init[942]: ci-info: |   0   |   0.0.0.0   | 10.0.2.2 |    0.0.0.0    |   enp0s3  |   UG  |
[   29.469714] cloud-init[942]: ci-info: |   1   |   10.0.2.0  | 0.0.0.0  | 255.255.255.0 |   enp0s3  |   U   |
[   29.470001] cloud-init[942]: ci-info: +-------+-------------+----------+---------------+-----------+-------+
[   29.470242] cloud-init[942]: ci-info: +++++++++++++++++++Route IPv6 info+++++++++++++++++++
[   29.470495] cloud-init[942]: ci-info: +-------+-------------+---------+-----------+-------+
[   29.470735] cloud-init[942]: ci-info: | Route | Destination | Gateway | Interface | Flags |
[   29.470979] cloud-init[942]: ci-info: +-------+-------------+---------+-----------+-------+
[   29.471226] cloud-init[942]: ci-info: |   0   |  fe80::/64  |    ::   |   enp0s3  |   U   |
[   29.471521] cloud-init[942]: ci-info: |   4   |   ff00::/8  |    ::   |   enp0s3  |   U   |
[   29.471776] cloud-init[942]: ci-info: +-------+-------------+---------+-----------+-------+
[   29.474045] cloud-init[942]: Generating public/private rsa key pair.
[   29.752533] cloud-init[942]: Your identification has been saved in /etc/ssh/ssh_host_rsa_key.
[   29.824565] cloud-init[942]: Your public key has been saved in /etc/ssh/ssh_host_rsa_key.pub.
[   29.920548] cloud-init[942]: The key fingerprint is:
[   29.988557] cloud-init[942]: SHA256:2ofp+W0i87BbiSkpgBeaFvwFLyAA3wozLPhF0v1eczo root@ubuntu-xenial
[   30.034780] cloud-init[942]: The key's randomart image is:
         Starting Socket activation for snappy daemon.
[[0;32m  OK  [0m] Started Daily Cleanup of Temporary Directories.
[   30.083589] cloud-init[942]: +---[RSA 2048]----+
[   30.211802] cloud-init[942]: |*..o..           |
         Starting LXD - unix socket.
[   30.219571] cloud-init[942]: |=..++ .          |
[   30.223963] cloud-init[942]: |*+o.oo .         |
[   30.230382] cloud-init[942]: |.Oo+o   . o .    |
[[   30.240403] cloud-init[942]: |+.=.   .S. +     |
[   30.240848] cloud-init[942]: |.. .   +.=E.     |
[   30.241083] cloud-init[942]: |    . + B +.     |
[   30.241320] cloud-init[942]: |     . oo*...    |
[   30.241557] cloud-init[942]: |        =*oo.    |
[   30.241853] cloud-init[942]: +----[SHA256]-----+
[   30.242098] cloud-init[942]: Generating public/private dsa key pair.
[   30.242335] cloud-init[942]: Your identification has been saved in /etc/ssh/ssh_host_dsa_key.
[   30.242574] cloud-init[942]: Your public key has been saved in /etc/ssh/ssh_host_dsa_key.pub.
[   30.242816] cloud-init[942]: The key fingerprint is:
[   30.243059] cloud-init[942]: SHA256:+VHLmsJ+eNvhsEy2V4C5NmtYbGk2V1YngSNA7bz2P2s root@ubuntu-xenial
[   30.243295] cloud-init[942]: The key's randomart image is:
[   30.243552] cloud-init[942]: +---[DSA 1024]----+
[   30.243849] cloud-init[942]: |       .oo   ... |
[   30.244087] cloud-init[942]: |          o o . o|
[   30.244323] cloud-init[942]: |         o +.. o.|
[   30.244557] cloud-init[942]: |         .=o..o  |
[   30.244797] cloud-init[942]: |        S..+o+   |
[   30.245031] cloud-init[942]: |       . .#+. .  |
[   30.245280] cloud-init[942]: |        oXB*..   |
[   30.245517] cloud-init[942]: |       .o==*o.E  |
[   30.245788] cloud-init[942]: |        .+=ooooo |
[0;32m  OK  [0m] Started ACPI Events Check.
[[0;32m  OK  [0m] Reached target Paths.
[[0;32m  OK  [0m] Started Daily apt download activities.
[[0;32m  OK  [0m] Started Daily apt upgrade and clean activities.
[[0;32m  OK  [0m] Reached target Timers.
[   30.246200] cloud-init[942]: +----[SHA256]-----+
[   30.695497] cloud-init[942]: Generating public/private ecdsa key pair.
[[0;32m  OK  [0m] Listening on Socket activation for snappy daemon.
[   30.708491] cloud-init[942]: Your identification has been saved in /etc/ssh/ssh_host_ecdsa_key.
[   30.743836] cloud-init[942]: Your public key has been saved in /etc/ssh/ssh_host_ecdsa_key.pub.
[   30.752563] cloud-init[942]: The key fingerprint is:[[0;32m  OK  [0m] Listening on LXD - unix socket.
[[0;32m  OK  [0m] Started iSCSI initiator daemon (iscsid).

[   30.765929] cloud-init[942]: SHA256:1q1h4lPD5YvxWo1qmpdEz2j5LqzwKTPNXSqY+eeNJKM root@ubuntu-xenial
[   30.777692] cloud-init[942]: The key's randomart image is:
[   30.781897] cloud-init[942]: +---[ECDSA 256]---+
[   30.785442] cloud-init[942]: |                 |
[   30.789920] cloud-init[942]: |                 |
[   30.801092] cloud-init[942]: |            .    |
[   30.804624] cloud-init[942]: |         o.+     |
[   30.842669] cloud-init[942]: |        S.O=o    |
         Starting Login to default iSCSI targets...
[[0;32m  OK  [0m] Reached target Sockets.
[[0;32m  OK  [0m] Reached target Basic System.
[   30.844629] cloud-init[942]: |       o +=B++   |
[   30.884762] cloud-init[942]: |      .*==+== .  |
[   30.889152] cloud-init[942]: |      B++BX*.    |
[   30.893365] cloud-init[942]: |      E=BO=oo    |
[   30.898453] cloud-init[942]: +----[SHA256]-----+
[   30.902307] cloud-init[942]: Generating public/private ed25519 key pair.
[[0;32m  OK  [0m] Started Deferred execution scheduler.
[   30.907653] cloud-init[942]: Your identification has been saved in /etc/ssh/ssh_host_ed25519_key.
[   30.911981] cloud-init[942]: Your public key has been saved in /etc/ssh/ssh_host_ed25519_key.pub.
         Starting System Logging Service...
[   30.921905] cloud-init[942]: The key fingerprint is:
[   30.935461] cloud-init[942]: SHA256:zPjUTp9yp7R3TGfzGvmDPpAb/jO1D9eZmiiosrTZt6Y root@ubuntu-xenial
[   30.960161] cloud-init[942]: The key's randomart image is:
[   30.986373] cloud-init[942]: +--[ED25519 256]--+
[[0;32m  OK  [0m] Started FUSE filesystem for LXC.
[   31.018677] cloud-init[942]: |                 |
[   31.051862] cloud-init[942]: |                 |
[   31.057380] cloud-init[942]: |                 |
[   31.078733] cloud-init[942]: |       + .       |
[   31.100589] cloud-init[942]: |      . S o .    |
[   31.153523] cloud-init[942]: |       o o = . +B|
[   31.154667] cloud-init[942]: |   .    o + O B*B|
         Starting LSB: MD monitoring daemon...
[   31.155272] cloud-init[942]: |  ..+  + . *.O+B+|
[   31.175010] cloud-init[942]: |   +oE=.. ..=*=o=|
[   31.188603] cloud-init[942]: +----[SHA256]-----+
[[0;32m  OK  [0m] Started D-Bus System Message Bus.
         Starting Pollinate to seed the pseudo random number generator...
         Starting /etc/rc.local Compatibility...
[[0;32m  OK  [0m] Started ACPI event daemon.
         Starting Accounts Service...
         Starting LXD - container startup/shutdown...
[[0;32m  OK  [0m] Started Regular background program processing daemon.
         Starting Login Service...
         Starting LSB: Record successful boot for GRUB...
         Starting Virtualbox guest utils...
         Starting Snappy daemon...
[[0;32m  OK  [0m] Started System Logging Service.
[[0;32m  OK  [0m] Started /etc/rc.local Compatibility.
[[0;32m  OK  [0m] Started Login Service.
[[0;32m  OK  [0m] Started Unattended Upgrades Shutdown.
[[0;32m  OK  [0m] Started Login to default iSCSI targets.
[[0;32m  OK  [0m] Reached target Remote File Systems (Pre).
[[0;32m  OK  [0m] Reached target Remote File Systems.
         Starting LSB: daemon to balance interrupts for SMP systems...
         Starting LSB: Set the CPU Frequency Scaling governor to "ondemand"...
         Starting LSB: automatic crash report generation...
         Starting Permit User Sessions...
[[0;32m  OK  [0m] Started LSB: MD monitoring daemon.
         Starting Authenticate and Authorize Users to Run Privileged Tasks...
[[0;32m  OK  [0m] Started Permit User Sessions.
[[0;32m  OK  [0m] Started LSB: Record successful boot for GRUB.
         Starting Terminate Plymouth Boot Screen...
         Starting Hold until boot process finishes up...
[[0;32m  OK  [0m] Started Terminate Plymouth Boot Screen.
[[0;32m  OK  [0m] Started Hold until boot process finishes up.
[[0;32m  OK  [0m] Started Getty on tty1.
[[0;32m  OK  [0m] Started Serial Getty on ttyS0.
[[0;32m  OK  [0m] Reached target Login Prompts.
         Starting Set console scheme...
[[0;32m  OK  [0m] Started Set console scheme.
[[0;32m  OK  [0m] Started LSB: Set the CPU Frequency Scaling governor to "ondemand".
[[0;32m  OK  [0m] Started Authenticate and Authorize Users to Run Privileged Tasks.
[[0;32m  OK  [0m] Started Accounts Service.
[[0;32m  OK  [0m] Started LXD - container startup/shutdown.
[[0;32m  OK  [0m] Started LSB: daemon to balance interrupts for SMP systems.
[[0;32m  OK  [0m] Started LSB: automatic crash report generation.
[[0;32m  OK  [0m] Started Virtualbox guest utils.
[[0;32m  OK  [0m] Started Snappy daemon.
         Starting Wait until snapd is fully seeded...
[[0;32m  OK  [0m] Started Pollinate to seed the pseudo random number generator.
         Starting OpenBSD Secure Shell server...
[[0;32m  OK  [0m] Started OpenBSD Secure Shell server.
[[0;32m  OK  [0m] Created slice User Slice of vagrant.
         Starting User Manager for UID 1000...
[[0;32m  OK  [0m] Started Session 1 of user vagrant.
[[0;32m  OK  [0m] Started User Manager for UID 1000.

Ubuntu 16.04.6 LTS ubuntu-xenial ttyS0

ubuntu-xenial login: [   42.520699] cloud-init[1387]: Generating locales (this might take a while)...
[   45.529594] cloud-init[1387]:   en_US.UTF-8... done
[   45.532353] cloud-init[1387]: Generation complete.
[   47.758431] cloud-init[1387]: Cloud-init v. 19.1-1-gbaa47854-0ubuntu1~16.04.1 running 'modules:config' at Thu, 22 Aug 2019 16:50:15 +0000. Up 41.73 seconds.
ci-info: no authorized ssh keys fingerprints found for user ubuntu.
<14>Aug 22 16:50:22 ec2: 
<14>Aug 22 16:50:22 ec2: #############################################################
<14>Aug 22 16:50:22 ec2: -----BEGIN SSH HOST KEY FINGERPRINTS-----
<14>Aug 22 16:50:22 ec2: 1024 SHA256:+VHLmsJ+eNvhsEy2V4C5NmtYbGk2V1YngSNA7bz2P2s root@ubuntu-xenial (DSA)
<14>Aug 22 16:50:22 ec2: 256 SHA256:1q1h4lPD5YvxWo1qmpdEz2j5LqzwKTPNXSqY+eeNJKM root@ubuntu-xenial (ECDSA)
<14>Aug 22 16:50:22 ec2: 256 SHA256:zPjUTp9yp7R3TGfzGvmDPpAb/jO1D9eZmiiosrTZt6Y root@ubuntu-xenial (ED25519)
<14>Aug 22 16:50:22 ec2: 2048 SHA256:2ofp+W0i87BbiSkpgBeaFvwFLyAA3wozLPhF0v1eczo root@ubuntu-xenial (RSA)
<14>Aug 22 16:50:22 ec2: -----END SSH HOST KEY FINGERPRINTS-----
<14>Aug 22 16:50:22 ec2: #############################################################
-----BEGIN SSH HOST KEY KEYS-----
ecdsa-sha2-nistp256 AAAAE2VjZHNhLXNoYTItbmlzdHAyNTYAAAAIbmlzdHAyNTYAAABBBAYE0pwWkIitTeNkNGor1rHt+r96z0EHTqK/IA02v21+kfSaiCx5f3vol8RiiqdBXBQr+bEmsJjzmHH6zJrxLLE= root@ubuntu-xenial
ssh-ed25519 AAAAC3NzaC1lZDI1NTE5AAAAIMJ4JJS03maKdi/ICBM41LQUdgQGAFsKDPG/KMnxmf2k root@ubuntu-xenial
ssh-rsa AAAAB3NzaC1yc2EAAAADAQABAAABAQDv7cJjllvVdEKRDtl5WgtooBYfQmdBPqd18h9yNtxRwi+EL7FPfa/5YLh/qptVC355DoTYysc3MUuaS5BgjOi4yYXJksK988PsQucqyQ+nEpjsi9SyMkLMzxzlwgzdnGfO4PWSz83aCmR4Iqoqceu0B9lKj8XR1ReD+OzAcJ3tm9reaBDMUdRv4Qjumn47aqy2/stqLxZ8RMTeV9yPd+zHSHN6kN8PJLd3/dqnsK/Q984i6k3HDprREHx+DTlFVd2T3jZE+Ka1uelVlmMEsjrbQG0y3kI+cOHwKWK4xj5FV+xtMgIf4GkVx6hkPiiA7rTSuj3KZIUM/OSNn5uypK6Z root@ubuntu-xenial
-----END SSH HOST KEY KEYS-----
[   49.575229] cloud-init[1571]: Cloud-init v. 19.1-1-gbaa47854-0ubuntu1~16.04.1 running 'modules:final' at Thu, 22 Aug 2019 16:50:22 +0000. Up 48.86 seconds.
[   49.576221] cloud-init[1571]: ci-info: no authorized ssh keys fingerprints found for user ubuntu.
[   49.577274] cloud-init[1571]: Cloud-init v. 19.1-1-gbaa47854-0ubuntu1~16.04.1 finished at Thu, 22 Aug 2019 16:50:23 +0000. Datasource DataSourceNoCloud [seed=/dev/sdb][dsmode=net].  Up 49.53 seconds
